0 info it worked if it ends with ok
1 verbose cli [ '/usr/local/Cellar/node/0.10.26/bin/node',
1 verbose cli   '/usr/local/bin/npm',
1 verbose cli   'i',
1 verbose cli   'os' ]
2 info using npm@1.4.3
3 info using node@v0.10.26
4 warn package.json cluster@0.7.7 cluster is also the name of a node core module.
5 warn package.json ember-tools@0.2.8 No repository field.
6 verbose readDependencies using package.json deps
7 verbose cache add [ 'os', null ]
8 verbose cache add name=undefined spec="os" args=["os",null]
9 verbose parsed url { protocol: null,
9 verbose parsed url   slashes: null,
9 verbose parsed url   auth: null,
9 verbose parsed url   host: null,
9 verbose parsed url   port: null,
9 verbose parsed url   hostname: null,
9 verbose parsed url   hash: null,
9 verbose parsed url   search: null,
9 verbose parsed url   query: null,
9 verbose parsed url   pathname: 'os',
9 verbose parsed url   path: 'os',
9 verbose parsed url   href: 'os' }
10 silly lockFile 999a3419-os os
11 verbose lock os /Users/Stephen/.npm/999a3419-os.lock
12 silly lockFile 999a3419-os os
13 silly lockFile 999a3419-os os
14 verbose addNamed [ 'os', '' ]
15 verbose addNamed [ null, '*' ]
16 silly lockFile 46c56d42-os os@
17 verbose lock os@ /Users/Stephen/.npm/46c56d42-os.lock
18 silly addNameRange { name: 'os', range: '*', hasData: false }
19 verbose url raw os
20 verbose url resolving [ 'https://registry.npmjs.org/', './os' ]
21 verbose url resolved https://registry.npmjs.org/os
22 info trying registry request attempt 1 at 21:01:33
23 http GET https://registry.npmjs.org/os
24 http 404 https://registry.npmjs.org/os
25 silly registry.get cb [ 404,
25 silly registry.get   { date: 'Thu, 06 Mar 2014 21:01:34 GMT',
25 silly registry.get     server: 'CouchDB/1.5.0 (Erlang OTP/R16B)',
25 silly registry.get     'content-type': 'application/json',
25 silly registry.get     via: '1.1 varnish',
25 silly registry.get     'cache-control': 'max-age=0',
25 silly registry.get     'content-length': '52',
25 silly registry.get     'accept-ranges': 'bytes',
25 silly registry.get     age: '0',
25 silly registry.get     'x-served-by': 'cache-v37-ASH, cache-lcy1132-LCY',
25 silly registry.get     'x-cache': 'MISS, MISS',
25 silly registry.get     'x-cache-hits': '0, 0',
25 silly registry.get     'x-timer': 'S1394139694.304148674,VS0,VS276,VE296,VE101',
25 silly registry.get     'keep-alive': 'timeout=10, max=50',
25 silly registry.get     connection: 'Keep-Alive' } ]
26 silly lockFile 46c56d42-os os@
27 silly lockFile 46c56d42-os os@
28 error 404 'os' is not in the npm registry.
28 error 404 You should bug the author to publish it
28 error 404 It was specified as a dependency of 'Intripd'
28 error 404
28 error 404 Note that you can also install from a
28 error 404 tarball, folder, or http url, or git url.
29 error System Darwin 13.1.0
30 error command "/usr/local/Cellar/node/0.10.26/bin/node" "/usr/local/bin/npm" "i" "os"
31 error cwd /Users/Stephen/Desktop/Sandbox/Intripd
32 error node -v v0.10.26
33 error npm -v 1.4.3
34 error code E404
35 verbose exit [ 1, true ]
